# JRE version: Java(TM) SE Runtime Environment (21.0.7+8) (build 21.0.7+8-LTS-245)
# Java VM: Java HotSpot(TM) 64-Bit Server VM (21.0.7+8-LTS-245, mixed mode, sharing, tiered, compressed oops, compressed class ptrs, g1 gc, windows-amd64)
GC Precious Log:
 CardTable entry size: 512
 Card Set container configuration: InlinePtr #cards 4 size 8 Array Of Cards #cards 16 size 48 Howl #buckets 8 coarsen threshold 3686 Howl Bitmap #cards 512 size 80 coarsen threshold 460 Card regions per heap region 1 cards per card region 4096
 CPUs: 8 total, 8 available
 Memory: 15761M
 Large Page Support: Disabled
 NUMA Support: Disabled
 Compressed Oops: Enabled (Zero based)
 Heap Region Size: 2M
 Heap Min Capacity: 8M
 Heap Initial Capacity: 248M
 Heap Max Capacity: 3942M
 Pre-touch: Disabled
 Parallel Workers: 8
 Concurrent Workers: 2
 Concurrent Refinement Workers: 8
 Periodic GC: Disabled
Heap:
 garbage-first heap   total 90112K, used 56291K [0x0000000709a00000, 0x0000000800000000)
  region size 2048K, 14 young (28672K), 1 survivors (2048K)
 Metaspace       used 61318K, committed 62272K, reserved 1114112K
  class space    used 7582K, committed 8128K, reserved 1048576K
GC Heap History (20 events):
Event: 21025.081 GC heap before
{Heap before GC invocations=25 (full 0):
 garbage-first heap   total 90112K, used 79862K [0x0000000709a00000, 0x0000000800000000)
  region size 2048K, 24 young (49152K), 1 survivors (2048K)
 Metaspace       used 60971K, committed 62080K, reserved 1114112K
  class space    used 7579K, committed 8128K, reserved 1048576K
}
Event: 21025.177 GC heap after
{Heap after GC invocations=26 (full 0):
 garbage-first heap   total 90112K, used 32644K [0x0000000709a00000, 0x0000000800000000)
  region size 2048K, 1 young (2048K), 1 survivors (2048K)
 Metaspace       used 60971K, committed 62080K, reserved 1114112K
  class space    used 7579K, committed 8128K, reserved 1048576K
}
Event: 21957.061 GC heap before
{Heap before GC invocations=27 (full 0):
 garbage-first heap   total 90112K, used 79748K [0x0000000709a00000, 0x0000000800000000)
  region size 2048K, 24 young (49152K), 1 survivors (2048K)
 Metaspace       used 61019K, committed 62080K, reserved 1114112K
  class space    used 7586K, committed 8128K, reserved 1048576K
}
Event: 21957.072 GC heap after
{Heap after GC invocations=28 (full 0):
 garbage-first heap   total 90112K, used 32799K [0x0000000709a00000, 0x0000000800000000)
  region size 2048K, 1 young (2048K), 1 survivors (2048K)
 Metaspace       used 61019K, committed 62080K, reserved 1114112K
  class space    used 7586K, committed 8128K, reserved 1048576K
}
Event: 22894.285 GC heap before
{Heap before GC invocations=28 (full 0):
 garbage-first heap   total 90112K, used 79903K [0x0000000709a00000, 0x0000000800000000)
  region size 2048K, 24 young (49152K), 1 survivors (2048K)
 Metaspace       used 61038K, committed 62080K, reserved 1114112K
  class space    used 7586K, committed 8128K, reserved 1048576K
}
Event: 22894.419 GC heap after
{Heap after GC invocations=29 (full 0):
 garbage-first heap   total 90112K, used 32105K [0x0000000709a00000, 0x0000000800000000)
  region size 2048K, 1 young (2048K), 1 survivors (2048K)
 Metaspace       used 61038K, committed 62080K, reserved 1114112K
  class space    used 7586K, committed 8128K, reserved 1048576K
}
Event: 23880.331 GC heap before
{Heap before GC invocations=29 (full 0):
 garbage-first heap   total 90112K, used 81257K [0x0000000709a00000, 0x0000000800000000)
  region size 2048K, 25 young (51200K), 1 survivors (2048K)
 Metaspace       used 61079K, committed 62080K, reserved 1114112K
  class space    used 7586K, committed 8128K, reserved 1048576K
}
Event: 23880.389 GC heap after
{Heap after GC invocations=30 (full 0):
 garbage-first heap   total 90112K, used 32127K [0x0000000709a00000, 0x0000000800000000)
  region size 2048K, 1 young (2048K), 1 survivors (2048K)
 Metaspace       used 61079K, committed 62080K, reserved 1114112K
  class space    used 7586K, committed 8128K, reserved 1048576K
}
Event: 24872.030 GC heap before
{Heap before GC invocations=31 (full 0):
 garbage-first heap   total 90112K, used 81279K [0x0000000709a00000, 0x0000000800000000)
  region size 2048K, 25 young (51200K), 1 survivors (2048K)
 Metaspace       used 61105K, committed 62080K, reserved 1114112K
  class space    used 7581K, committed 8128K, reserved 1048576K
}
Event: 24872.096 GC heap after
{Heap after GC invocations=32 (full 0):
 garbage-first heap   total 90112K, used 32111K [0x0000000709a00000, 0x0000000800000000)
  region size 2048K, 1 young (2048K), 1 survivors (2048K)
 Metaspace       used 61105K, committed 62080K, reserved 1114112K
  class space    used 7581K, committed 8128K, reserved 1048576K
}
Event: 25863.979 GC heap before
{Heap before GC invocations=32 (full 0):
 garbage-first heap   total 90112K, used 81263K [0x0000000709a00000, 0x0000000800000000)
  region size 2048K, 25 young (51200K), 1 survivors (2048K)
 Metaspace       used 61114K, committed 62080K, reserved 1114112K
  class space    used 7583K, committed 8128K, reserved 1048576K
}
Event: 25864.066 GC heap after
{Heap after GC invocations=33 (full 0):
 garbage-first heap   total 90112K, used 31617K [0x0000000709a00000, 0x0000000800000000)
  region size 2048K, 1 young (2048K), 1 survivors (2048K)
 Metaspace       used 61114K, committed 62080K, reserved 1114112K
  class space    used 7583K, committed 8128K, reserved 1048576K
}
Event: 26826.115 GC heap before
{Heap before GC invocations=33 (full 0):
 garbage-first heap   total 90112K, used 80769K [0x0000000709a00000, 0x0000000800000000)
  region size 2048K, 25 young (51200K), 1 survivors (2048K)
 Metaspace       used 61134K, committed 62080K, reserved 1114112K
  class space    used 7583K, committed 8128K, reserved 1048576K
}
Event: 26826.179 GC heap after
{Heap after GC invocations=34 (full 0):
 garbage-first heap   total 90112K, used 31865K [0x0000000709a00000, 0x0000000800000000)
  region size 2048K, 1 young (2048K), 1 survivors (2048K)
 Metaspace       used 61134K, committed 62080K, reserved 1114112K
  class space    used 7583K, committed 8128K, reserved 1048576K
}
Event: 27757.882 GC heap before
{Heap before GC invocations=35 (full 0):
 garbage-first heap   total 90112K, used 78969K [0x0000000709a00000, 0x0000000800000000)
  region size 2048K, 24 young (49152K), 1 survivors (2048K)
 Metaspace       used 61146K, committed 62080K, reserved 1114112K
  class space    used 7583K, committed 8128K, reserved 1048576K
}
Event: 27757.923 GC heap after
{Heap after GC invocations=36 (full 0):
 garbage-first heap   total 90112K, used 31912K [0x0000000709a00000, 0x0000000800000000)
  region size 2048K, 1 young (2048K), 1 survivors (2048K)
 Metaspace       used 61146K, committed 62080K, reserved 1114112K
  class space    used 7583K, committed 8128K, reserved 1048576K
}
Event: 29031.394 GC heap before
{Heap before GC invocations=36 (full 0):
 garbage-first heap   total 90112K, used 79016K [0x0000000709a00000, 0x0000000800000000)
  region size 2048K, 24 young (49152K), 1 survivors (2048K)
 Metaspace       used 61252K, committed 62208K, reserved 1114112K
  class space    used 7583K, committed 8128K, reserved 1048576K
}
Event: 29031.439 GC heap after
{Heap after GC invocations=37 (full 0):
 garbage-first heap   total 90112K, used 31510K [0x0000000709a00000, 0x0000000800000000)
  region size 2048K, 1 young (2048K), 1 survivors (2048K)
 Metaspace       used 61252K, committed 62208K, reserved 1114112K
  class space    used 7583K, committed 8128K, reserved 1048576K
}
Event: 33553.623 GC heap before
{Heap before GC invocations=37 (full 0):
 garbage-first heap   total 90112K, used 80662K [0x0000000709a00000, 0x0000000800000000)
  region size 2048K, 25 young (51200K), 1 survivors (2048K)
 Metaspace       used 61272K, committed 62208K, reserved 1114112K
  class space    used 7583K, committed 8128K, reserved 1048576K
}
Event: 33553.656 GC heap after
{Heap after GC invocations=38 (full 0):
 garbage-first heap   total 90112K, used 31715K [0x0000000709a00000, 0x0000000800000000)
  region size 2048K, 1 young (2048K), 1 survivors (2048K)
 Metaspace       used 61272K, committed 62208K, reserved 1114112K
  class space    used 7583K, committed 8128K, reserved 1048576K
}

